TN:
SF:src/App.jsx
FN:3,App
FNF:1
FNH:0
FNDA:0,App
DA:4,0
LF:1
LH:0
BRF:0
BRH:0
end_of_record
TN:
SF:src/NaraAnalytics.jsx
FN:87,useDarkMode
FN:88,(anonymous_1)
FN:91,(anonymous_2)
FN:93,(anonymous_3)
FN:95,(anonymous_4)
FN:104,ChartTip
FN:116,(anonymous_6)
FN:117,(anonymous_7)
FN:132,MedDot
FN:146,MedicalChartTip
FN:148,(anonymous_10)
FN:153,(anonymous_11)
FN:165,(anonymous_12)
FN:186,NaraAnalytics
FN:197,(anonymous_14)
FN:202,(anonymous_15)
FN:203,(anonymous_16)
FN:207,(anonymous_17)
FN:208,(anonymous_18)
FN:212,(anonymous_19)
FN:215,(anonymous_20)
FN:220,(anonymous_21)
FN:222,(anonymous_22)
FN:223,(anonymous_23)
FN:227,(anonymous_24)
FN:232,(anonymous_25)
FN:235,(anonymous_26)
FN:238,(anonymous_27)
FN:239,(anonymous_28)
FN:239,(anonymous_29)
FN:241,(anonymous_30)
FN:252,handleFile
FN:260,(anonymous_32)
FN:261,(anonymous_33)
FN:263,(anonymous_34)
FN:268,(anonymous_35)
FN:270,(anonymous_36)
FN:283,(anonymous_37)
FN:287,(anonymous_38)
FN:291,toggleSeries
FN:292,(anonymous_40)
FN:293,(anonymous_41)
FN:297,clearData
FN:304,(anonymous_43)
FN:328,(anonymous_44)
FN:331,(anonymous_45)
FN:335,(anonymous_46)
FN:355,(anonymous_47)
FN:368,(anonymous_48)
FN:371,(anonymous_49)
FN:387,(anonymous_50)
FN:388,(anonymous_51)
FN:415,(anonymous_52)
FN:416,(anonymous_53)
FN:442,(anonymous_54)
FN:458,(anonymous_55)
FN:460,(anonymous_56)
FN:464,(anonymous_57)
FN:467,(anonymous_58)
FN:472,(anonymous_59)
FN:130,useDarkMode
FN:131,(anonymous_1)
FN:132,(anonymous_2)
FN:134,(anonymous_3)
FN:136,(anonymous_4)
FN:143,ChartTip
FN:164,(anonymous_6)
FN:165,(anonymous_7)
FN:225,MedDot
FN:251,MedicalChartTip
FN:253,(anonymous_10)
FN:257,(anonymous_11)
FN:272,(anonymous_12)
FN:376,NaraAnalytics
FN:387,(anonymous_14)
FN:390,(anonymous_15)
FN:390,(anonymous_16)
FN:391,(anonymous_17)
FN:391,(anonymous_18)
FN:392,(anonymous_19)
FN:395,(anonymous_20)
FN:401,(anonymous_21)
FN:402,(anonymous_22)
FN:402,(anonymous_23)
FN:403,(anonymous_24)
FN:413,(anonymous_25)
FN:415,(anonymous_26)
FN:417,(anonymous_27)
FN:418,(anonymous_28)
FN:418,(anonymous_29)
FN:419,(anonymous_30)
FN:428,handleFile
FN:435,(anonymous_32)
FN:436,(anonymous_33)
FN:438,(anonymous_34)
FN:444,(anonymous_35)
FN:448,(anonymous_36)
FN:462,(anonymous_37)
FN:466,(anonymous_38)
FN:469,toggleSeries
FN:470,(anonymous_40)
FN:470,(anonymous_41)
FN:472,clearData
FN:478,(anonymous_43)
FN:543,(anonymous_44)
FN:559,(anonymous_45)
FN:584,(anonymous_46)
FN:652,(anonymous_47)
FN:724,(anonymous_48)
FN:727,(anonymous_49)
FN:766,(anonymous_50)
FN:767,(anonymous_51)
FN:860,(anonymous_52)
FN:872,(anonymous_53)
FN:959,(anonymous_54)
FN:999,(anonymous_55)
FN:1005,(anonymous_56)
FN:1025,(anonymous_57)
FN:1042,(anonymous_58)
FN:1062,(anonymous_59)
FNF:120
FNH:85
FNDA:24,useDarkMode
FNDA:15,(anonymous_1)
FNDA:15,(anonymous_2)
FNDA:0,(anonymous_3)
FNDA:15,(anonymous_4)
FNDA:5,ChartTip
FNDA:4,(anonymous_6)
FNDA:5,(anonymous_7)
FNDA:3,MedDot
FNDA:6,MedicalChartTip
FNDA:6,(anonymous_10)
FNDA:6,(anonymous_11)
FNDA:5,(anonymous_12)
FNDA:24,NaraAnalytics
FNDA:15,(anonymous_14)
FNDA:19,(anonymous_15)
FNDA:12,(anonymous_16)
FNDA:19,(anonymous_17)
FNDA:0,(anonymous_18)
FNDA:21,(anonymous_19)
FNDA:12,(anonymous_20)
FNDA:21,(anonymous_21)
FNDA:19,(anonymous_22)
FNDA:12,(anonymous_23)
FNDA:19,(anonymous_24)
FNDA:19,(anonymous_25)
FNDA:12,(anonymous_26)
FNDA:30,(anonymous_27)
FNDA:30,(anonymous_28)
FNDA:30,(anonymous_29)
FNDA:10,(anonymous_30)
FNDA:3,handleFile
FNDA:3,(anonymous_32)
FNDA:4,(anonymous_33)
FNDA:20,(anonymous_34)
FNDA:1,(anonymous_35)
FNDA:4,(anonymous_36)
FNDA:1,(anonymous_37)
FNDA:0,(anonymous_38)
FNDA:2,toggleSeries
FNDA:2,(anonymous_40)
FNDA:3,(anonymous_41)
FNDA:2,clearData
FNDA:168,(anonymous_43)
FNDA:0,(anonymous_44)
FNDA:2,(anonymous_45)
FNDA:0,(anonymous_46)
FNDA:39,(anonymous_47)
FNDA:168,(anonymous_48)
FNDA:2,(anonymous_49)
FNDA:96,(anonymous_50)
FNDA:2,(anonymous_51)
FNDA:0,(anonymous_52)
FNDA:27,(anonymous_53)
FNDA:0,(anonymous_54)
FNDA:0,(anonymous_55)
FNDA:0,(anonymous_56)
FNDA:0,(anonymous_57)
FNDA:0,(anonymous_58)
FNDA:0,(anonymous_59)
FNDA:0,useDarkMode
FNDA:0,(anonymous_1)
FNDA:0,(anonymous_2)
FNDA:3,(anonymous_3)
FNDA:3,(anonymous_4)
FNDA:0,ChartTip
FNDA:0,(anonymous_6)
FNDA:5,(anonymous_7)
FNDA:24,MedDot
FNDA:24,MedicalChartTip
FNDA:3,(anonymous_10)
FNDA:3,(anonymous_11)
FNDA:24,(anonymous_12)
FNDA:0,NaraAnalytics
FNDA:24,(anonymous_14)
FNDA:96,(anonymous_15)
FNDA:96,(anonymous_16)
FNDA:96,(anonymous_17)
FNDA:96,(anonymous_18)
FNDA:96,(anonymous_19)
FNDA:96,(anonymous_20)
FNDA:24,(anonymous_21)
FNDA:24,(anonymous_22)
FNDA:24,(anonymous_23)
FNDA:24,(anonymous_24)
FNDA:24,(anonymous_25)
FNDA:0,(anonymous_26)
FNDA:27,(anonymous_27)
FNDA:27,(anonymous_28)
FNDA:27,(anonymous_29)
FNDA:27,(anonymous_30)
FNDA:24,handleFile
FNDA:24,(anonymous_32)
FNDA:24,(anonymous_33)
FNDA:24,(anonymous_34)
FNDA:24,(anonymous_35)
FNDA:24,(anonymous_36)
FNDA:24,(anonymous_37)
FNDA:24,(anonymous_38)
FNDA:24,toggleSeries
FNDA:24,(anonymous_40)
FNDA:24,(anonymous_41)
FNDA:24,clearData
FNDA:24,(anonymous_43)
FNDA:0,(anonymous_44)
FNDA:0,(anonymous_45)
FNDA:0,(anonymous_46)
FNDA:0,(anonymous_47)
FNDA:0,(anonymous_48)
FNDA:0,(anonymous_49)
FNDA:0,(anonymous_50)
FNDA:0,(anonymous_51)
FNDA:0,(anonymous_52)
FNDA:0,(anonymous_53)
FNDA:0,(anonymous_54)
FNDA:0,(anonymous_55)
FNDA:0,(anonymous_56)
FNDA:0,(anonymous_57)
FNDA:0,(anonymous_58)
FNDA:0,(anonymous_59)
DA:20,0
DA:26,2
DA:36,2
DA:47,2
DA:67,2
DA:71,0
DA:88,24
DA:89,15
DA:91,24
DA:92,15
DA:93,15
DA:94,15
DA:95,15
DA:97,24
DA:105,5
DA:106,3
DA:111,0
DA:117,5
DA:118,4
DA:131,0
DA:132,0
DA:133,3
DA:134,3
DA:135,3
DA:136,3
DA:138,3
DA:144,0
DA:145,0
DA:147,6
DA:148,6
DA:149,4
DA:151,4
DA:152,4
DA:153,4
DA:154,6
DA:155,6
DA:156,5
DA:157,5
DA:160,4
DA:165,5
DA:166,0
DA:188,24
DA:189,24
DA:190,24
DA:191,24
DA:192,24
DA:193,24
DA:194,24
DA:195,24
DA:197,24
DA:198,24
DA:200,24
DA:202,24
DA:203,19
DA:207,24
DA:208,19
DA:212,24
DA:213,21
DA:214,20
DA:215,20
DA:216,12
DA:220,24
DA:222,24
DA:223,19
DA:226,0
DA:227,24
DA:228,19
DA:232,24
DA:233,19
DA:234,19
DA:235,12
DA:237,19
DA:238,10
DA:239,30
DA:240,30
DA:241,10
DA:244,10
DA:252,0
DA:253,3
DA:254,3
DA:255,3
DA:256,0
DA:257,3
DA:258,3
DA:259,3
DA:260,3
DA:261,3
DA:262,4
DA:263,20
DA:264,4
DA:267,3
DA:268,3
DA:269,3
DA:270,3
DA:271,4
DA:272,3
DA:273,3
DA:276,3
DA:277,3
DA:279,3
DA:280,3
DA:281,3
DA:282,3
DA:283,3
DA:284,3
DA:285,3
DA:287,0
DA:292,2
DA:293,3
DA:298,2
DA:299,1
DA:300,1
DA:301,1
DA:304,168
DA:306,24
DA:313,24
DA:328,0
DA:331,2
DA:335,0
DA:356,39
DA:369,168
DA:370,168
DA:371,2
DA:378,168
DA:379,168
DA:380,168
DA:381,168
DA:382,168
DA:383,24
DA:384,24
DA:385,24
DA:387,24
DA:388,96
DA:389,96
DA:390,96
DA:391,96
DA:392,24
DA:393,96
DA:394,96
DA:395,96
DA:401,24
DA:402,24
DA:403,24
DA:413,24
DA:414,24
DA:415,24
DA:416,24
DA:417,27
DA:418,27
DA:419,27
DA:421,24
DA:429,24
DA:430,24
DA:431,24
DA:432,24
DA:436,24
DA:437,24
DA:438,24
DA:439,24
DA:441,24
DA:443,24
DA:444,24
DA:445,24
DA:447,24
DA:448,24
DA:449,24
DA:450,24
DA:451,24
DA:453,24
DA:454,24
DA:458,24
DA:459,24
DA:460,24
DA:461,24
DA:462,24
DA:463,24
DA:464,24
DA:466,24
DA:467,0
DA:470,24
DA:472,0
DA:473,24
DA:474,24
DA:475,24
DA:476,24
DA:478,24
DA:479,24
DA:485,0
DA:543,0
DA:559,0
DA:584,0
DA:652,0
DA:725,0
DA:726,0
DA:727,0
DA:766,0
DA:767,0
DA:860,0
DA:872,0
DA:960,0
DA:961,0
DA:999,0
DA:1005,0
DA:1025,0
DA:1042,0
DA:1062,0
LF:206
LH:171
BRDA:104,0,0,5
BRDA:105,1,0,2
BRDA:105,1,1,3
BRDA:105,2,0,5
BRDA:105,2,1,4
BRDA:146,3,0,6
BRDA:147,4,0,2
BRDA:147,4,1,4
BRDA:147,5,0,6
BRDA:147,5,1,5
BRDA:149,6,0,0
BRDA:149,6,1,4
BRDA:154,7,0,6
BRDA:154,7,1,4
BRDA:155,8,0,1
BRDA:155,8,1,5
BRDA:165,9,0,2
BRDA:165,9,1,3
BRDA:200,10,0,0
BRDA:200,10,1,24
BRDA:208,11,0,19
BRDA:208,11,1,0
BRDA:213,12,0,1
BRDA:213,12,1,20
BRDA:216,13,0,12
BRDA:216,13,1,0
BRDA:228,14,0,0
BRDA:228,14,1,19
BRDA:235,15,0,12
BRDA:235,15,1,0
BRDA:237,16,0,9
BRDA:237,16,1,10
BRDA:240,17,0,10
BRDA:240,17,1,20
BRDA:254,18,0,0
BRDA:254,18,1,3
BRDA:263,19,0,20
BRDA:263,19,1,0
BRDA:263,20,0,20
BRDA:263,20,1,20
BRDA:268,21,0,1
BRDA:268,21,1,0
BRDA:271,22,0,1
BRDA:271,22,1,3
BRDA:272,23,0,2
BRDA:272,23,1,1
BRDA:293,24,0,1
BRDA:293,24,1,1
BRDA:298,25,0,1
BRDA:298,25,1,1
BRDA:320,26,0,24
BRDA:320,26,1,14
BRDA:327,27,0,24
BRDA:327,27,1,1
BRDA:337,28,0,0
BRDA:337,28,1,24
BRDA:339,29,0,24
BRDA:339,29,1,13
BRDA:349,30,0,24
BRDA:349,30,1,13
BRDA:375,31,0,49
BRDA:375,31,1,119
BRDA:376,32,0,49
BRDA:376,32,1,119
BRDA:377,33,0,49
BRDA:377,33,1,119
BRDA:380,34,0,24
BRDA:380,34,1,144
BRDA:380,35,0,49
BRDA:380,35,1,119
BRDA:392,36,0,24
BRDA:392,36,1,72
BRDA:393,37,0,24
BRDA:393,37,1,72
BRDA:394,38,0,24
BRDA:394,38,1,72
BRDA:404,39,0,11
BRDA:404,39,1,13
BRDA:417,40,0,13
BRDA:417,40,1,14
BRDA:427,41,0,24
BRDA:427,41,1,0
BRDA:482,42,0,24
BRDA:482,42,1,3
BRDA:143,43,0,0
BRDA:144,44,0,0
BRDA:144,44,1,0
BRDA:144,45,0,0
BRDA:144,45,1,0
BRDA:251,46,0,0
BRDA:252,47,0,0
BRDA:252,47,1,0
BRDA:252,48,0,0
BRDA:252,48,1,0
BRDA:254,49,0,0
BRDA:254,49,1,0
BRDA:258,50,0,0
BRDA:258,50,1,0
BRDA:259,51,0,0
BRDA:259,51,1,0
BRDA:272,52,0,0
BRDA:272,52,1,0
BRDA:389,53,0,0
BRDA:389,53,1,0
BRDA:391,54,0,0
BRDA:391,54,1,0
BRDA:393,55,0,0
BRDA:393,55,1,0
BRDA:395,56,0,0
BRDA:395,56,1,0
BRDA:403,57,0,0
BRDA:403,57,1,0
BRDA:415,58,0,11
BRDA:415,58,1,13
BRDA:416,59,0,11
BRDA:416,59,1,13
BRDA:419,60,0,13
BRDA:419,60,1,14
BRDA:430,61,0,24
BRDA:430,61,1,0
BRDA:439,62,0,24
BRDA:439,62,1,0
BRDA:439,63,0,24
BRDA:439,63,1,0
BRDA:445,64,0,24
BRDA:445,64,1,0
BRDA:449,65,0,24
BRDA:449,65,1,0
BRDA:450,66,0,24
BRDA:450,66,1,0
BRDA:470,67,0,24
BRDA:470,67,1,0
BRDA:473,68,0,24
BRDA:473,68,1,0
BRDA:516,69,0,0
BRDA:516,69,1,0
BRDA:541,70,0,0
BRDA:541,70,1,0
BRDA:595,71,0,0
BRDA:595,71,1,0
BRDA:601,72,0,0
BRDA:601,72,1,0
BRDA:629,73,0,0
BRDA:629,73,1,0
BRDA:735,74,0,0
BRDA:735,74,1,0
BRDA:736,75,0,0
BRDA:736,75,1,0
BRDA:737,76,0,0
BRDA:737,76,1,0
BRDA:743,77,0,0
BRDA:743,77,1,0
BRDA:744,78,0,0
BRDA:744,78,1,0
BRDA:773,79,0,0
BRDA:773,79,1,0
BRDA:774,80,0,0
BRDA:774,80,1,0
BRDA:775,81,0,0
BRDA:775,81,1,0
BRDA:794,82,0,0
BRDA:794,82,1,0
BRDA:872,83,0,0
BRDA:872,83,1,0
BRDA:915,84,0,0
BRDA:915,84,1,0
BRDA:1094,85,0,0
BRDA:1094,85,1,0
BRF:168
BRH:87
end_of_record
TN:
SF:src/helpers.js
FN:3,toOz
FN:8,toF
FN:14,formatEpoch
FN:23,aggregateByDay
FN:26,(anonymous_4)
FN:74,(anonymous_5)
FN:75,(anonymous_6)
FN:88,aggregateMedical
FN:97,(anonymous_8)
FN:118,loadFromStorage
FN:128,saveToStorage
FNF:11
FNH:11
FNDA:8,toOz
FNDA:11,toF
FNDA:4,formatEpoch
FNDA:55,aggregateByDay
FNDA:43,(anonymous_4)
FNDA:1,(anonymous_5)
FNDA:34,(anonymous_6)
FNDA:8,aggregateMedical
FNDA:6,(anonymous_8)
FNDA:18,loadFromStorage
FNDA:5,saveToStorage
DA:1,3
DA:4,8
DA:5,8
DA:9,11
DA:10,11
DA:11,7
DA:15,4
DA:16,4
DA:17,4
DA:18,4
DA:19,4
DA:20,4
DA:24,55
DA:26,55
DA:27,43
DA:28,43
DA:29,42
DA:31,42
DA:32,34
DA:44,42
DA:45,42
DA:47,42
DA:48,28
DA:49,14
DA:50,3
DA:51,3
DA:54,11
DA:55,2
DA:56,2
DA:57,9
DA:58,2
DA:59,2
DA:62,2
DA:63,1
DA:64,7
DA:65,1
DA:66,6
DA:67,5
DA:68,5
DA:69,2
DA:73,55
DA:74,1
DA:75,34
DA:89,8
DA:90,8
DA:91,8
DA:92,8
DA:94,8
DA:95,8
DA:97,8
DA:98,6
DA:99,5
DA:100,5
DA:102,4
DA:103,4
DA:104,2
DA:105,2
DA:107,4
DA:108,1
DA:112,8
DA:113,64
DA:115,8
DA:119,18
DA:120,18
DA:121,18
DA:122,10
DA:124,1
DA:129,5
DA:130,5
DA:132,1
LF:70
LH:70
BRDA:4,0,0,8
BRDA:4,0,1,2
BRDA:5,1,0,2
BRDA:5,1,1,6
BRDA:10,2,0,4
BRDA:10,2,1,7
BRDA:11,3,0,5
BRDA:11,3,1,2
BRDA:28,4,0,1
BRDA:28,4,1,42
BRDA:31,5,0,34
BRDA:31,5,1,8
BRDA:47,6,0,28
BRDA:47,6,1,14
BRDA:48,7,0,28
BRDA:48,7,1,0
BRDA:49,8,0,3
BRDA:49,8,1,11
BRDA:52,9,0,3
BRDA:52,9,1,0
BRDA:53,10,0,3
BRDA:53,10,1,2
BRDA:54,11,0,2
BRDA:54,11,1,9
BRDA:57,12,0,2
BRDA:57,12,1,7
BRDA:60,13,0,2
BRDA:60,13,1,0
BRDA:61,14,0,2
BRDA:61,14,1,1
BRDA:62,15,0,1
BRDA:62,15,1,1
BRDA:64,16,0,1
BRDA:64,16,1,6
BRDA:66,17,0,5
BRDA:66,17,1,1
BRDA:68,18,0,2
BRDA:68,18,1,3
BRDA:68,19,0,5
BRDA:68,19,1,4
BRDA:98,20,0,1
BRDA:98,20,1,5
BRDA:99,21,0,5
BRDA:99,21,1,0
BRDA:100,22,0,1
BRDA:100,22,1,4
BRDA:100,23,0,5
BRDA:100,23,1,4
BRDA:103,24,0,2
BRDA:103,24,1,2
BRDA:105,25,0,1
BRDA:105,25,1,1
BRDA:107,26,0,1
BRDA:107,26,1,3
BRDA:121,27,0,8
BRDA:121,27,1,10
BRF:56
BRH:52
end_of_record
