TN:
SF:src/App.jsx
FN:3,App
FNF:1
FNH:0
FNDA:0,App
DA:4,0
LF:1
LH:0
BRF:0
BRH:0
end_of_record
TN:
SF:src/NaraAnalytics.jsx
FN:95,useDarkMode
FN:96,(anonymous_1)
FN:99,(anonymous_2)
FN:101,(anonymous_3)
FN:103,(anonymous_4)
FN:117,WindowControls
FN:122,(anonymous_6)
FN:132,(anonymous_7)
FN:135,(anonymous_8)
FN:136,(anonymous_9)
FN:148,(anonymous_10)
FN:159,ChartTip
FN:162,(anonymous_12)
FN:174,(anonymous_13)
FN:175,(anonymous_14)
FN:195,MedBar
FN:210,MedicalChartTip
FN:212,(anonymous_17)
FN:217,(anonymous_18)
FN:229,(anonymous_19)
FN:253,NaraAnalytics
FN:267,(anonymous_21)
FN:272,(anonymous_22)
FN:273,(anonymous_23)
FN:277,(anonymous_24)
FN:278,(anonymous_25)
FN:284,(anonymous_26)
FN:291,(anonymous_27)
FN:293,(anonymous_28)
FN:302,(anonymous_29)
FN:307,(anonymous_30)
FN:308,(anonymous_31)
FN:309,(anonymous_32)
FN:313,(anonymous_33)
FN:314,(anonymous_34)
FN:318,(anonymous_35)
FN:329,(anonymous_36)
FN:332,(anonymous_37)
FN:335,(anonymous_38)
FN:336,(anonymous_39)
FN:336,(anonymous_40)
FN:338,(anonymous_41)
FN:349,handleFile
FN:357,(anonymous_43)
FN:358,(anonymous_44)
FN:360,(anonymous_45)
FN:365,(anonymous_46)
FN:367,(anonymous_47)
FN:380,(anonymous_48)
FN:384,(anonymous_49)
FN:388,changeRange
FN:393,changeMedRange
FN:398,toggleSeries
FN:399,(anonymous_53)
FN:400,(anonymous_54)
FN:404,clearData
FN:411,(anonymous_56)
FN:439,(anonymous_57)
FN:442,(anonymous_58)
FN:446,(anonymous_59)
FN:466,(anonymous_60)
FN:479,(anonymous_61)
FN:482,(anonymous_62)
FN:524,(anonymous_63)
FN:525,(anonymous_64)
FN:577,(anonymous_65)
FN:585,(anonymous_66)
FN:590,(anonymous_67)
FN:592,(anonymous_68)
FN:596,(anonymous_69)
FN:603,(anonymous_70)
FN:609,(anonymous_71)
FN:148,useDarkMode
FN:149,(anonymous_1)
FN:150,(anonymous_2)
FN:152,(anonymous_3)
FN:154,(anonymous_4)
FN:166,WindowControls
FN:170,(anonymous_6)
FN:188,(anonymous_7)
FN:196,(anonymous_8)
FN:197,(anonymous_9)
FN:217,(anonymous_10)
FN:235,ChartTip
FN:238,(anonymous_12)
FN:259,(anonymous_13)
FN:260,(anonymous_14)
FN:325,MedBar
FN:362,MedicalChartTip
FN:364,(anonymous_17)
FN:368,(anonymous_18)
FN:383,(anonymous_19)
FN:487,NaraAnalytics
FN:501,(anonymous_21)
FN:504,(anonymous_22)
FN:504,(anonymous_23)
FN:505,(anonymous_24)
FN:505,(anonymous_25)
FN:508,(anonymous_26)
FN:518,(anonymous_27)
FN:520,(anonymous_28)
FN:528,(anonymous_29)
FN:532,(anonymous_30)
FN:533,(anonymous_31)
FN:533,(anonymous_32)
FN:534,(anonymous_33)
FN:534,(anonymous_34)
FN:535,(anonymous_35)
FN:552,(anonymous_36)
FN:554,(anonymous_37)
FN:556,(anonymous_38)
FN:557,(anonymous_39)
FN:557,(anonymous_40)
FN:558,(anonymous_41)
FN:567,handleFile
FN:574,(anonymous_43)
FN:575,(anonymous_44)
FN:577,(anonymous_45)
FN:583,(anonymous_46)
FN:587,(anonymous_47)
FN:601,(anonymous_48)
FN:605,(anonymous_49)
FN:608,changeRange
FN:612,changeMedRange
FN:616,toggleSeries
FN:617,(anonymous_53)
FN:617,(anonymous_54)
FN:619,clearData
FN:625,(anonymous_56)
FN:698,(anonymous_57)
FN:714,(anonymous_58)
FN:739,(anonymous_59)
FN:807,(anonymous_60)
FN:879,(anonymous_61)
FN:882,(anonymous_62)
FN:1022,(anonymous_63)
FN:1034,(anonymous_64)
FN:1185,(anonymous_65)
FN:1197,(anonymous_66)
FN:1205,(anonymous_67)
FN:1211,(anonymous_68)
FN:1233,(anonymous_69)
FN:1254,(anonymous_70)
FN:1264,(anonymous_71)
FNF:144
FNH:115
FNDA:48,useDarkMode
FNDA:28,(anonymous_1)
FNDA:28,(anonymous_2)
FNDA:0,(anonymous_3)
FNDA:28,(anonymous_4)
FNDA:68,WindowControls
FNDA:136,(anonymous_6)
FNDA:5,(anonymous_7)
FNDA:272,(anonymous_8)
FNDA:8,(anonymous_9)
FNDA:1,(anonymous_10)
FNDA:66,ChartTip
FNDA:7,(anonymous_12)
FNDA:5,(anonymous_13)
FNDA:7,(anonymous_14)
FNDA:6,MedBar
FNDA:58,MedicalChartTip
FNDA:7,(anonymous_17)
FNDA:7,(anonymous_18)
FNDA:6,(anonymous_19)
FNDA:48,NaraAnalytics
FNDA:28,(anonymous_21)
FNDA:32,(anonymous_22)
FNDA:42,(anonymous_23)
FNDA:32,(anonymous_24)
FNDA:0,(anonymous_25)
FNDA:36,(anonymous_26)
FNDA:36,(anonymous_27)
FNDA:46,(anonymous_28)
FNDA:36,(anonymous_29)
FNDA:32,(anonymous_30)
FNDA:32,(anonymous_31)
FNDA:42,(anonymous_32)
FNDA:32,(anonymous_33)
FNDA:36,(anonymous_34)
FNDA:41,(anonymous_35)
FNDA:32,(anonymous_36)
FNDA:42,(anonymous_37)
FNDA:66,(anonymous_38)
FNDA:66,(anonymous_39)
FNDA:66,(anonymous_40)
FNDA:22,(anonymous_41)
FNDA:3,handleFile
FNDA:3,(anonymous_43)
FNDA:4,(anonymous_44)
FNDA:20,(anonymous_45)
FNDA:1,(anonymous_46)
FNDA:4,(anonymous_47)
FNDA:1,(anonymous_48)
FNDA:0,(anonymous_49)
FNDA:3,changeRange
FNDA:5,changeMedRange
FNDA:2,toggleSeries
FNDA:2,(anonymous_53)
FNDA:3,(anonymous_54)
FNDA:2,clearData
FNDA:336,(anonymous_56)
FNDA:0,(anonymous_57)
FNDA:2,(anonymous_58)
FNDA:0,(anonymous_59)
FNDA:108,(anonymous_60)
FNDA:336,(anonymous_61)
FNDA:2,(anonymous_62)
FNDA:59,(anonymous_63)
FNDA:73,(anonymous_64)
FNDA:720,(anonymous_65)
FNDA:40,(anonymous_66)
FNDA:8,(anonymous_67)
FNDA:151,(anonymous_68)
FNDA:51,(anonymous_69)
FNDA:29,(anonymous_70)
FNDA:27,(anonymous_71)
FNDA:0,useDarkMode
FNDA:68,(anonymous_1)
FNDA:0,(anonymous_2)
FNDA:0,(anonymous_3)
FNDA:0,(anonymous_4)
FNDA:0,WindowControls
FNDA:66,(anonymous_6)
FNDA:0,(anonymous_7)
FNDA:0,(anonymous_8)
FNDA:6,(anonymous_9)
FNDA:58,(anonymous_10)
FNDA:0,ChartTip
FNDA:6,(anonymous_12)
FNDA:48,(anonymous_13)
FNDA:48,(anonymous_14)
FNDA:48,MedBar
FNDA:48,MedicalChartTip
FNDA:3,(anonymous_17)
FNDA:3,(anonymous_18)
FNDA:48,(anonymous_19)
FNDA:0,NaraAnalytics
FNDA:48,(anonymous_21)
FNDA:48,(anonymous_22)
FNDA:48,(anonymous_23)
FNDA:48,(anonymous_24)
FNDA:48,(anonymous_25)
FNDA:48,(anonymous_26)
FNDA:48,(anonymous_27)
FNDA:48,(anonymous_28)
FNDA:48,(anonymous_29)
FNDA:48,(anonymous_30)
FNDA:48,(anonymous_31)
FNDA:48,(anonymous_32)
FNDA:48,(anonymous_33)
FNDA:48,(anonymous_34)
FNDA:48,(anonymous_35)
FNDA:48,(anonymous_36)
FNDA:48,(anonymous_37)
FNDA:48,(anonymous_38)
FNDA:48,(anonymous_39)
FNDA:48,(anonymous_40)
FNDA:48,(anonymous_41)
FNDA:48,handleFile
FNDA:48,(anonymous_43)
FNDA:48,(anonymous_44)
FNDA:48,(anonymous_45)
FNDA:48,(anonymous_46)
FNDA:48,(anonymous_47)
FNDA:48,(anonymous_48)
FNDA:48,(anonymous_49)
FNDA:48,changeRange
FNDA:48,changeMedRange
FNDA:48,toggleSeries
FNDA:48,(anonymous_53)
FNDA:48,(anonymous_54)
FNDA:48,clearData
FNDA:48,(anonymous_56)
FNDA:0,(anonymous_57)
FNDA:0,(anonymous_58)
FNDA:0,(anonymous_59)
FNDA:0,(anonymous_60)
FNDA:0,(anonymous_61)
FNDA:0,(anonymous_62)
FNDA:0,(anonymous_63)
FNDA:0,(anonymous_64)
FNDA:0,(anonymous_65)
FNDA:0,(anonymous_66)
FNDA:0,(anonymous_67)
FNDA:0,(anonymous_68)
FNDA:0,(anonymous_69)
FNDA:0,(anonymous_70)
FNDA:0,(anonymous_71)
DA:20,0
DA:27,2
DA:37,2
DA:44,2
DA:55,2
DA:71,0
DA:75,2
DA:89,0
DA:96,48
DA:97,28
DA:99,48
DA:100,28
DA:101,28
DA:102,28
DA:103,28
DA:105,48
DA:110,0
DA:118,68
DA:119,68
DA:120,68
DA:122,136
DA:129,0
DA:130,68
DA:132,5
DA:136,272
DA:148,1
DA:149,68
DA:150,0
DA:151,68
DA:152,0
DA:153,0
DA:154,0
DA:156,0
DA:160,66
DA:162,7
DA:163,5
DA:164,4
DA:167,4
DA:168,4
DA:169,4
DA:170,4
DA:175,7
DA:176,5
DA:179,0
DA:188,0
DA:196,6
DA:197,6
DA:198,6
DA:200,6
DA:201,6
DA:202,6
DA:211,58
DA:212,7
DA:213,5
DA:215,5
DA:216,5
DA:217,5
DA:218,7
DA:219,7
DA:220,6
DA:221,6
DA:224,5
DA:229,6
DA:236,6
DA:238,6
DA:239,6
DA:240,0
DA:255,48
DA:256,48
DA:257,48
DA:258,48
DA:259,48
DA:260,48
DA:261,48
DA:262,48
DA:263,48
DA:264,48
DA:265,48
DA:267,48
DA:268,48
DA:270,48
DA:272,48
DA:273,42
DA:277,48
DA:278,32
DA:284,48
DA:285,36
DA:291,48
DA:292,36
DA:293,35
DA:294,46
DA:295,46
DA:302,48
DA:303,36
DA:304,36
DA:307,48
DA:308,48
DA:309,42
DA:313,48
DA:314,36
DA:318,48
DA:319,41
DA:326,48
DA:327,0
DA:328,0
DA:329,48
DA:330,48
DA:331,48
DA:332,42
DA:334,32
DA:335,22
DA:336,66
DA:337,66
DA:338,22
DA:341,22
DA:350,3
DA:351,3
DA:352,3
DA:354,3
DA:358,3
DA:359,4
DA:360,20
DA:361,4
DA:363,3
DA:364,3
DA:365,3
DA:366,3
DA:367,3
DA:368,4
DA:369,3
DA:370,3
DA:371,3
DA:372,3
DA:373,3
DA:374,3
DA:376,3
DA:377,3
DA:378,3
DA:379,3
DA:380,3
DA:381,3
DA:382,3
DA:383,0
DA:384,0
DA:389,3
DA:390,3
DA:394,5
DA:395,5
DA:399,2
DA:400,3
DA:405,2
DA:406,1
DA:407,1
DA:408,1
DA:411,336
DA:413,48
DA:420,48
DA:439,0
DA:442,2
DA:446,0
DA:467,108
DA:480,336
DA:481,336
DA:482,2
DA:489,336
DA:490,336
DA:491,336
DA:492,336
DA:493,336
DA:494,48
DA:495,48
DA:496,48
DA:497,48
DA:498,48
DA:499,48
DA:501,48
DA:502,48
DA:503,48
DA:504,48
DA:505,48
DA:508,48
DA:518,48
DA:519,48
DA:520,48
DA:521,48
DA:522,48
DA:524,59
DA:526,73
DA:528,48
DA:529,48
DA:530,48
DA:532,48
DA:533,48
DA:534,48
DA:535,48
DA:552,48
DA:553,48
DA:554,48
DA:555,48
DA:556,48
DA:557,48
DA:558,48
DA:560,48
DA:568,48
DA:569,48
DA:570,48
DA:571,48
DA:575,48
DA:576,48
DA:577,720
DA:578,48
DA:580,48
DA:582,48
DA:583,48
DA:584,48
DA:585,40
DA:586,48
DA:587,48
DA:588,48
DA:589,48
DA:590,48
DA:592,48
DA:593,151
DA:596,51
DA:597,48
DA:598,48
DA:599,48
DA:600,48
DA:601,48
DA:602,48
DA:603,48
DA:605,48
DA:609,48
DA:610,48
DA:613,48
DA:614,48
DA:617,48
DA:620,48
DA:621,48
DA:622,48
DA:623,48
DA:625,48
DA:626,0
DA:632,0
DA:698,0
DA:714,0
DA:739,0
DA:807,0
DA:880,0
DA:881,0
DA:882,0
DA:1022,0
DA:1034,0
DA:1185,0
DA:1197,0
DA:1205,0
DA:1211,0
DA:1233,0
DA:1254,0
DA:1264,0
LF:260
LH:223
BRDA:119,0,0,68
BRDA:119,0,1,65
BRDA:119,0,2,54
BRDA:120,1,0,68
BRDA:120,1,1,65
BRDA:126,2,0,16
BRDA:126,2,1,120
BRDA:127,3,0,16
BRDA:127,3,1,120
BRDA:140,4,0,68
BRDA:140,4,1,204
BRDA:141,5,0,68
BRDA:141,5,1,204
BRDA:142,6,0,68
BRDA:142,6,1,204
BRDA:159,7,0,7
BRDA:160,8,0,61
BRDA:160,8,1,5
BRDA:160,9,0,66
BRDA:160,9,1,6
BRDA:163,10,0,1
BRDA:163,10,1,4
BRDA:197,11,0,0
BRDA:197,11,1,6
BRDA:197,12,0,6
BRDA:197,12,1,6
BRDA:197,12,2,6
BRDA:210,13,0,7
BRDA:211,14,0,53
BRDA:211,14,1,5
BRDA:211,15,0,58
BRDA:211,15,1,6
BRDA:213,16,0,0
BRDA:213,16,1,5
BRDA:218,17,0,7
BRDA:218,17,1,4
BRDA:219,18,0,1
BRDA:219,18,1,6
BRDA:229,19,0,3
BRDA:229,19,1,3
BRDA:235,20,0,3
BRDA:235,20,1,1
BRDA:235,21,0,1
BRDA:235,21,1,0
BRDA:235,22,0,0
BRDA:235,22,1,0
BRDA:270,23,0,0
BRDA:270,23,1,48
BRDA:278,24,0,32
BRDA:278,24,1,0
BRDA:285,25,0,1
BRDA:285,25,1,35
BRDA:292,26,0,1
BRDA:292,26,1,35
BRDA:294,27,0,46
BRDA:294,27,1,0
BRDA:295,28,0,46
BRDA:295,28,1,44
BRDA:304,29,0,35
BRDA:304,29,1,1
BRDA:319,30,0,20
BRDA:319,30,1,21
BRDA:321,31,0,2
BRDA:321,31,1,18
BRDA:332,32,0,42
BRDA:332,32,1,0
BRDA:334,33,0,10
BRDA:334,33,1,22
BRDA:337,34,0,22
BRDA:337,34,1,44
BRDA:351,35,0,0
BRDA:351,35,1,3
BRDA:360,36,0,20
BRDA:360,36,1,0
BRDA:360,37,0,20
BRDA:360,37,1,20
BRDA:365,38,0,1
BRDA:365,38,1,0
BRDA:368,39,0,1
BRDA:368,39,1,3
BRDA:369,40,0,2
BRDA:369,40,1,1
BRDA:400,41,0,1
BRDA:400,41,1,1
BRDA:405,42,0,1
BRDA:405,42,1,1
BRDA:431,43,0,48
BRDA:431,43,1,37
BRDA:438,44,0,48
BRDA:438,44,1,1
BRDA:448,45,0,0
BRDA:448,45,1,48
BRDA:450,46,0,48
BRDA:450,46,1,36
BRDA:460,47,0,48
BRDA:460,47,1,36
BRDA:486,48,0,97
BRDA:486,48,1,239
BRDA:487,49,0,97
BRDA:487,49,1,239
BRDA:488,50,0,97
BRDA:488,50,1,239
BRDA:491,51,0,48
BRDA:491,51,1,288
BRDA:491,52,0,97
BRDA:491,52,1,239
BRDA:498,53,0,48
BRDA:498,53,1,1
BRDA:498,53,2,1
BRDA:506,54,0,47
BRDA:506,54,1,1
BRDA:513,55,0,12
BRDA:513,55,1,36
BRDA:513,56,0,48
BRDA:513,56,1,36
BRDA:515,57,0,0
BRDA:515,57,1,12
BRDA:526,58,0,36
BRDA:526,58,1,37
BRDA:536,59,0,48
BRDA:536,59,1,20
BRDA:541,60,0,2
BRDA:541,60,1,18
BRDA:542,61,0,4
BRDA:542,61,1,14
BRDA:625,62,0,48
BRDA:625,62,1,3
BRDA:168,63,0,0
BRDA:168,63,1,0
BRDA:168,63,2,0
BRDA:169,64,0,0
BRDA:169,64,1,0
BRDA:176,65,0,0
BRDA:176,65,1,0
BRDA:177,66,0,0
BRDA:177,66,1,0
BRDA:203,67,0,0
BRDA:203,67,1,0
BRDA:204,68,0,0
BRDA:204,68,1,0
BRDA:205,69,0,0
BRDA:205,69,1,0
BRDA:235,70,0,1
BRDA:236,71,0,3
BRDA:236,71,1,3
BRDA:236,72,0,3
BRDA:236,72,1,3
BRDA:239,73,0,3
BRDA:239,73,1,3
BRDA:327,74,0,0
BRDA:327,74,1,0
BRDA:327,75,0,0
BRDA:327,75,1,0
BRDA:327,75,2,0
BRDA:362,76,0,0
BRDA:363,77,0,0
BRDA:363,77,1,0
BRDA:363,78,0,0
BRDA:363,78,1,0
BRDA:365,79,0,0
BRDA:365,79,1,0
BRDA:369,80,0,2
BRDA:369,80,1,1
BRDA:370,81,0,0
BRDA:370,81,1,0
BRDA:383,82,0,0
BRDA:383,82,1,0
BRDA:419,83,0,0
BRDA:419,83,1,0
BRDA:419,84,0,0
BRDA:419,84,1,0
BRDA:419,85,0,0
BRDA:419,85,1,0
BRDA:503,86,0,0
BRDA:503,86,1,0
BRDA:505,87,0,0
BRDA:505,87,1,0
BRDA:508,88,0,0
BRDA:508,88,1,0
BRDA:519,89,0,12
BRDA:519,89,1,36
BRDA:521,90,0,12
BRDA:521,90,1,36
BRDA:522,91,0,12
BRDA:522,91,1,36
BRDA:530,92,0,12
BRDA:530,92,1,36
BRDA:535,93,0,0
BRDA:535,93,1,0
BRDA:536,94,0,48
BRDA:536,94,1,20
BRDA:554,95,0,48
BRDA:554,95,1,20
BRDA:555,96,0,48
BRDA:555,96,1,20
BRDA:558,97,0,48
BRDA:558,97,1,20
BRDA:569,98,0,48
BRDA:569,98,1,20
BRDA:578,99,0,48
BRDA:578,99,1,20
BRDA:578,100,0,48
BRDA:578,100,1,20
BRDA:584,101,0,48
BRDA:584,101,1,20
BRDA:588,102,0,48
BRDA:588,102,1,20
BRDA:589,103,0,48
BRDA:589,103,1,20
BRDA:617,104,0,48
BRDA:617,104,1,20
BRDA:620,105,0,48
BRDA:620,105,1,20
BRDA:671,106,0,0
BRDA:671,106,1,0
BRDA:696,107,0,0
BRDA:696,107,1,0
BRDA:750,108,0,0
BRDA:750,108,1,0
BRDA:756,109,0,0
BRDA:756,109,1,0
BRDA:784,110,0,0
BRDA:784,110,1,0
BRDA:890,111,0,0
BRDA:890,111,1,0
BRDA:891,112,0,0
BRDA:891,112,1,0
BRDA:892,113,0,0
BRDA:892,113,1,0
BRDA:898,114,0,0
BRDA:898,114,1,0
BRDA:899,115,0,0
BRDA:899,115,1,0
BRDA:922,116,0,0
BRDA:922,116,1,0
BRDA:922,116,2,0
BRDA:938,117,0,0
BRDA:938,117,1,0
BRDA:956,118,0,0
BRDA:956,118,1,0
BRDA:956,119,0,0
BRDA:956,119,1,0
BRDA:965,120,0,0
BRDA:965,120,1,0
BRDA:1034,121,0,0
BRDA:1034,121,1,0
BRDA:1077,122,0,0
BRDA:1077,122,1,0
BRDA:1093,123,0,0
BRDA:1093,123,1,0
BRDA:1093,124,0,0
BRDA:1093,124,1,0
BRDA:1317,125,0,0
BRDA:1317,125,1,0
BRF:254
BRH:154
end_of_record
TN:
SF:src/helpers.js
FN:3,toOz
FN:8,toF
FN:14,formatEpoch
FN:23,formatDay
FN:28,formatWindow
FN:32,aggregateByDay
FN:35,(anonymous_6)
FN:83,(anonymous_7)
FN:84,(anonymous_8)
FN:99,floorToMidnight
FN:105,earliestEpoch
FN:107,(anonymous_11)
FN:114,timeWindow
FN:130,windowTicks
FN:140,fillMissingDays
FN:142,(anonymous_15)
FN:172,parseMedication
FN:178,aggregateMedical
FN:179,(anonymous_18)
FN:185,(anonymous_19)
FN:201,(anonymous_20)
FN:209,loadFromStorage
FN:219,saveToStorage
FNF:23
FNH:23
FNDA:8,toOz
FNDA:35,toF
FNDA:32,formatEpoch
FNDA:921,formatDay
FNDA:6,formatWindow
FNDA:83,aggregateByDay
FNDA:96,(anonymous_6)
FNDA:1,(anonymous_7)
FNDA:59,(anonymous_8)
FNDA:96,floorToMidnight
FNDA:78,earliestEpoch
FNDA:79,(anonymous_11)
FNDA:86,timeWindow
FNDA:44,windowTicks
FNDA:38,fillMissingDays
FNDA:25,(anonymous_15)
FNDA:11,parseMedication
FNDA:42,aggregateMedical
FNDA:70,(anonymous_18)
FNDA:49,(anonymous_19)
FNDA:5,(anonymous_20)
FNDA:31,loadFromStorage
FNDA:5,saveToStorage
DA:1,3
DA:4,8
DA:5,8
DA:9,35
DA:10,35
DA:11,31
DA:15,32
DA:16,32
DA:17,32
DA:18,32
DA:19,32
DA:20,32
DA:24,921
DA:25,921
DA:29,6
DA:33,83
DA:35,83
DA:36,96
DA:37,96
DA:38,95
DA:40,95
DA:41,59
DA:53,95
DA:54,95
DA:56,95
DA:57,54
DA:58,41
DA:59,3
DA:60,3
DA:63,38
DA:64,2
DA:65,2
DA:66,36
DA:67,2
DA:68,2
DA:71,2
DA:72,1
DA:73,34
DA:74,1
DA:75,33
DA:76,5
DA:77,5
DA:78,2
DA:82,83
DA:83,1
DA:84,59
DA:97,3
DA:100,96
DA:101,96
DA:102,96
DA:106,78
DA:107,78
DA:108,79
DA:109,79
DA:111,78
DA:115,86
DA:116,8
DA:117,8
DA:121,78
DA:122,78
DA:123,78
DA:124,10
DA:125,10
DA:127,78
DA:133,44
DA:134,44
DA:135,44
DA:136,339
DA:137,44
DA:141,38
DA:142,38
DA:144,38
DA:145,38
DA:146,38
DA:148,38
DA:149,1029
DA:150,1029
DA:151,1029
DA:153,1029
DA:164,1029
DA:166,38
DA:173,11
DA:174,11
DA:175,7
DA:179,70
DA:180,42
DA:182,42
DA:183,42
DA:185,42
DA:186,49
DA:187,49
DA:189,32
DA:190,32
DA:191,26
DA:192,26
DA:194,32
DA:195,5
DA:197,5
DA:201,42
DA:204,42
DA:206,42
DA:210,31
DA:211,31
DA:212,31
DA:213,22
DA:215,1
DA:220,5
DA:221,5
DA:223,1
LF:109
LH:109
BRDA:4,0,0,8
BRDA:4,0,1,2
BRDA:5,1,0,2
BRDA:5,1,1,6
BRDA:10,2,0,4
BRDA:10,2,1,31
BRDA:11,3,0,10
BRDA:11,3,1,21
BRDA:37,4,0,1
BRDA:37,4,1,95
BRDA:40,5,0,59
BRDA:40,5,1,36
BRDA:56,6,0,54
BRDA:56,6,1,41
BRDA:57,7,0,54
BRDA:57,7,1,0
BRDA:58,8,0,3
BRDA:58,8,1,38
BRDA:61,9,0,3
BRDA:61,9,1,0
BRDA:62,10,0,3
BRDA:62,10,1,2
BRDA:63,11,0,2
BRDA:63,11,1,36
BRDA:66,12,0,2
BRDA:66,12,1,34
BRDA:69,13,0,2
BRDA:69,13,1,0
BRDA:70,14,0,2
BRDA:70,14,1,1
BRDA:71,15,0,1
BRDA:71,15,1,1
BRDA:73,16,0,1
BRDA:73,16,1,33
BRDA:75,17,0,5
BRDA:75,17,1,28
BRDA:77,18,0,2
BRDA:77,18,1,3
BRDA:77,19,0,5
BRDA:77,19,1,4
BRDA:105,20,0,4
BRDA:108,21,0,79
BRDA:108,21,1,4
BRDA:109,22,0,65
BRDA:109,22,1,14
BRDA:109,23,0,79
BRDA:109,23,1,75
BRDA:109,23,2,72
BRDA:111,24,0,36
BRDA:111,24,1,42
BRDA:114,25,0,0
BRDA:114,26,0,0
BRDA:114,27,0,5
BRDA:114,28,0,0
BRDA:115,29,0,8
BRDA:115,29,1,78
BRDA:116,30,0,8
BRDA:116,30,1,2
BRDA:153,31,0,1029
BRDA:153,31,1,1027
BRDA:173,32,0,11
BRDA:173,32,1,1
BRDA:174,33,0,4
BRDA:174,33,1,7
BRDA:174,34,0,4
BRDA:174,34,1,1
BRDA:178,35,0,13
BRDA:178,36,0,15
BRDA:178,37,0,21
BRDA:178,38,0,21
BRDA:186,39,0,49
BRDA:186,39,1,1
BRDA:187,40,0,17
BRDA:187,40,1,32
BRDA:187,41,0,49
BRDA:187,41,1,37
BRDA:190,42,0,26
BRDA:190,42,1,6
BRDA:192,43,0,25
BRDA:192,43,1,1
BRDA:194,44,0,5
BRDA:194,44,1,27
BRDA:197,45,0,5
BRDA:197,45,1,1
BRDA:201,46,0,5
BRDA:201,46,1,1
BRDA:212,47,0,9
BRDA:212,47,1,22
BRF:88
BRH:82
end_of_record
